PRINT
SET
FIND
1099
SET
LIST
cpath eh NULL? 0
AjcDytQYCJ]IfWG
FIND
no data
SET
PRINT
/GaIUwkkycqszB\V/XPUd^KoBnhVzPxw/]ZmYR@biaSzKKFN/muCCGoSw[@GYaiS/AjcDytQYCJ]IfWG/zsZ]fdeYaRxuOhl/@iF`F^iBdBTCBki 1099
/LrwSRphvpiXhrHa 2909
/VIr_aVTxJEjiJGX/wrM]tk@e\wlZ]rG/k]B_^cSmAcpxfhZ 4925
SET
FIND
no data
SET
FIND
no data
SET
FIND
no data
SET
DELETE
Buff init->VIr_aVTxJEjiJGX/wrM]tk@e\wlZ]rG
BUff->VIr_aVTxJEjiJGX/wrM]tk@e\wlZ]rG
start-0,end-0

Start Pre Clean->15
Start Pos Clean->16
BUff->VIr_aVTxJEjiJGX/wrM]tk@e\wlZ]rG
start-16,end-15

Start Pre Clean->31
Start Pos Clean->31
ROOT NAME->k]B_^cSmAcpxfhZ
ROOT NAME->k]B_^cSmAcpxfhZ
SET
SET
LIST
CLYOgcATbefZNpm
GaIUwkkycqszB\V
LrwSRphvpiXhrHa
VIr_aVTxJEjiJGX
aQxvSviBzdBGu[x
f@SkPO[ClpTCqTi
tgF\kHScOl@Eg^[
uVEtKsZbKZMaBiy
yyt^IVLWFvuqgL`
PRINT
/GaIUwkkycqszB\V/XPUd^KoBnhVzPxw/]ZmYR@biaSzKKFN/muCCGoSw[@GYaiS/AjcDytQYCJ]IfWG/zsZ]fdeYaRxuOhl/@iF`F^iBdBTCBki 1099
/LrwSRphvpiXhrHa 2909
/uVEtKsZbKZMaBiy/\MRoznlWhfKFo[O/CG@eq[qDPojL@OH/uV^fqYOgRnHYQiW/lvANf[[CocYuvlC/JRsrtpKbxszkk__/BK@NQ\RNbzYEsB` 8552
/yyt^IVLWFvuqgL`/cfyimffJx^VZPVu/tJAxQe]@BWdjX`k/X\eWaVUInXXWQfL/KeU\gZfkPKvZWxP 1619
/aQxvSviBzdBGu[x/_HcmmSyaZcvxrLZ/^nUbd^QtCezMAQw/j`JSD_qWXRplyMJ/T[DikAQAsHDgc`u/Iu@akRIdmnjY^ML/F]O@q@EISlAW@Ix 4621
/tgF\kHScOl@Eg^[/wcAs@v[nnc`j_`r/VMahrWnjGwetPdH/OgsdeIIeZ\BypVT/CfSfFmjYjaSliwn/H_eOIb]s^_H`bMU/QtxSWxNjP@THOd^/v^o]SBYMSCrBfAC/DBTBJ_NIBm\VWAD/bvvcImagYGaK]RV 7969
/CLYOgcATbefZNpm/[RBS]n@]lhaPNHu/LWuS`tuT]\o]^nF/UACMteSPKXHRBiO/BUMsqKdUHWFEmTU/H\\[EXHl@rpzCso 3927
/f@SkPO[ClpTCqTi/ARxxYY^Ik]PTwjj/cov^fSNXk@LtI^U/kF@JGFcbfHHcbCZ/HZoWAvRYYF^IBtH/VgNCqPwaenaRD@V/NK[werfODBiWcPD/flfbpxrlLRtwyHp/IX@VDt[FFsjgDd_/vyJjwoCfPnLIAN] 2994
SET
PRINT
/GaIUwkkycqszB\V/XPUd^KoBnhVzPxw/]ZmYR@biaSzKKFN/muCCGoSw[@GYaiS/AjcDytQYCJ]IfWG/zsZ]fdeYaRxuOhl/@iF`F^iBdBTCBki 1099
/LrwSRphvpiXhrHa 2909
/uVEtKsZbKZMaBiy/\MRoznlWhfKFo[O/CG@eq[qDPojL@OH/uV^fqYOgRnHYQiW/lvANf[[CocYuvlC/JRsrtpKbxszkk__/BK@NQ\RNbzYEsB` 8552
/yyt^IVLWFvuqgL`/cfyimffJx^VZPVu/tJAxQe]@BWdjX`k/X\eWaVUInXXWQfL/KeU\gZfkPKvZWxP 1619
/aQxvSviBzdBGu[x/_HcmmSyaZcvxrLZ/^nUbd^QtCezMAQw/j`JSD_qWXRplyMJ/T[DikAQAsHDgc`u/Iu@akRIdmnjY^ML/F]O@q@EISlAW@Ix 4621
/tgF\kHScOl@Eg^[/wcAs@v[nnc`j_`r/VMahrWnjGwetPdH/OgsdeIIeZ\BypVT/CfSfFmjYjaSliwn/H_eOIb]s^_H`bMU/QtxSWxNjP@THOd^/v^o]SBYMSCrBfAC/DBTBJ_NIBm\VWAD/bvvcImagYGaK]RV 7969
/CLYOgcATbefZNpm/[RBS]n@]lhaPNHu/LWuS`tuT]\o]^nF/UACMteSPKXHRBiO/BUMsqKdUHWFEmTU/H\\[EXHl@rpzCso 3927
/f@SkPO[ClpTCqTi/ARxxYY^Ik]PTwjj/cov^fSNXk@LtI^U/kF@JGFcbfHHcbCZ/HZoWAvRYYF^IBtH/VgNCqPwaenaRD@V/NK[werfODBiWcPD/flfbpxrlLRtwyHp/IX@VDt[FFsjgDd_/vyJjwoCfPnLIAN] 2994
/`JPjmC_IeaGRuvG/eRk\dKuHJJTMc]T/[yDcAv[qkcOFcaU/M^_rSGozbECFu_n/EcePOojhunYSFzr/AAdUbhDGiNNrYZe/ocBYPDZgRkXaRDS 724
SET
PRINT
/GaIUwkkycqszB\V/XPUd^KoBnhVzPxw/]ZmYR@biaSzKKFN/muCCGoSw[@GYaiS/AjcDytQYCJ]IfWG/zsZ]fdeYaRxuOhl/@iF`F^iBdBTCBki 1099
/LrwSRphvpiXhrHa 2909
/uVEtKsZbKZMaBiy/\MRoznlWhfKFo[O/CG@eq[qDPojL@OH/uV^fqYOgRnHYQiW/lvANf[[CocYuvlC/JRsrtpKbxszkk__/BK@NQ\RNbzYEsB` 8552
/yyt^IVLWFvuqgL`/cfyimffJx^VZPVu/tJAxQe]@BWdjX`k/X\eWaVUInXXWQfL/KeU\gZfkPKvZWxP 1619
/aQxvSviBzdBGu[x/_HcmmSyaZcvxrLZ/^nUbd^QtCezMAQw/j`JSD_qWXRplyMJ/T[DikAQAsHDgc`u/Iu@akRIdmnjY^ML/F]O@q@EISlAW@Ix 4621
/tgF\kHScOl@Eg^[/wcAs@v[nnc`j_`r/VMahrWnjGwetPdH/OgsdeIIeZ\BypVT/CfSfFmjYjaSliwn/H_eOIb]s^_H`bMU/QtxSWxNjP@THOd^/v^o]SBYMSCrBfAC/DBTBJ_NIBm\VWAD/bvvcImagYGaK]RV 7969
/CLYOgcATbefZNpm/[RBS]n@]lhaPNHu/LWuS`tuT]\o]^nF/UACMteSPKXHRBiO/BUMsqKdUHWFEmTU/H\\[EXHl@rpzCso 3927
/f@SkPO[ClpTCqTi/ARxxYY^Ik]PTwjj/cov^fSNXk@LtI^U/kF@JGFcbfHHcbCZ/HZoWAvRYYF^IBtH/VgNCqPwaenaRD@V/NK[werfODBiWcPD/flfbpxrlLRtwyHp/IX@VDt[FFsjgDd_/vyJjwoCfPnLIAN] 2994
/`JPjmC_IeaGRuvG/eRk\dKuHJJTMc]T/[yDcAv[qkcOFcaU/M^_rSGozbECFu_n/EcePOojhunYSFzr/AAdUbhDGiNNrYZe/ocBYPDZgRkXaRDS 724
/^cEneHSl`CPSaaq/@Kn@mM^AUX^@uIE/jdTBIOURO^ax`IF/ZaWRPOuuhB]aTLT/VPxoVMrd@_etgPJ/CSnJWQMouP@DBbG/sIjsKtt@nr@ddza/OLjUqvBAypjpMyZ/R`sKF_JCszlwPXm/CAjg]cwmLAx@zzt 1490
DELETE
FIND
no data
FIND
3927
DELETE
Buff init->tgF\kHScOl@Eg^[/wcAs@v[nnc`j_`r/VMahrWnjGwetPdH
BUff->tgF\kHScOl@Eg^[/wcAs@v[nnc`j_`r/VMahrWnjGwetPdH
start-0,end-0

Start Pre Clean->15
Start Pos Clean->16
BUff->tgF\kHScOl@Eg^[/wcAs@v[nnc`j_`r/VMahrWnjGwetPdH
start-16,end-15

Start Pre Clean->31
Start Pos Clean->32
BUff->tgF\kHScOl@Eg^[/wcAs@v[nnc`j_`r/VMahrWnjGwetPdH
start-32,end-31

Start Pre Clean->47
Start Pos Clean->47
ROOT NAME->OgsdeIIeZ\BypVT
ROOT NAME->OgsdeIIeZ\BypVT
SET
SET
DELETE
Buff init->yyt^IVLWFvuqgL`/cfyimffJx^VZPVu/tJAxQe]@BWdjX`k
BUff->yyt^IVLWFvuqgL`/cfyimffJx^VZPVu/tJAxQe]@BWdjX`k
start-0,end-0

Start Pre Clean->15
Start Pos Clean->16
BUff->yyt^IVLWFvuqgL`/cfyimffJx^VZPVu/tJAxQe]@BWdjX`k
start-16,end-15

Start Pre Clean->31
Start Pos Clean->32
BUff->yyt^IVLWFvuqgL`/cfyimffJx^VZPVu/tJAxQe]@BWdjX`k
start-32,end-31

Start Pre Clean->47
Start Pos Clean->47
ROOT NAME->X\eWaVUInXXWQfL
ROOT NAME->X\eWaVUInXXWQfL
SET
FIND
no data
FIND
no data
SET
DELETE
FIND
1855
SET
SET
SET
SET
LIST
cpath eh NULL? 0
yfrnRiXHYMQzGJi
PRINT
/GaIUwkkycqszB\V/XPUd^KoBnhVzPxw/]ZmYR@biaSzKKFN/muCCGoSw[@GYaiS/AjcDytQYCJ]IfWG/zsZ]fdeYaRxuOhl/@iF`F^iBdBTCBki 1099
/LrwSRphvpiXhrHa 2909
/uVEtKsZbKZMaBiy/\MRoznlWhfKFo[O/CG@eq[qDPojL@OH/uV^fqYOgRnHYQiW/lvANf[[CocYuvlC/JRsrtpKbxszkk__/BK@NQ\RNbzYEsB` 8552
/aQxvSviBzdBGu[x/_HcmmSyaZcvxrLZ/^nUbd^QtCezMAQw/j`JSD_qWXRplyMJ/T[DikAQAsHDgc`u/Iu@akRIdmnjY^ML/F]O@q@EISlAW@Ix 4621
/CLYOgcATbefZNpm/[RBS]n@]lhaPNHu/LWuS`tuT]\o]^nF/UACMteSPKXHRBiO/BUMsqKdUHWFEmTU/H\\[EXHl@rpzCso 3927
/f@SkPO[ClpTCqTi/ARxxYY^Ik]PTwjj/cov^fSNXk@LtI^U/kF@JGFcbfHHcbCZ/HZoWAvRYYF^IBtH/VgNCqPwaenaRD@V/NK[werfODBiWcPD/flfbpxrlLRtwyHp/IX@VDt[FFsjgDd_/vyJjwoCfPnLIAN] 2994
/`JPjmC_IeaGRuvG/eRk\dKuHJJTMc]T/[yDcAv[qkcOFcaU/M^_rSGozbECFu_n/EcePOojhunYSFzr/AAdUbhDGiNNrYZe/ocBYPDZgRkXaRDS 724
/^cEneHSl`CPSaaq/@Kn@mM^AUX^@uIE/jdTBIOURO^ax`IF/ZaWRPOuuhB]aTLT/VPxoVMrd@_etgPJ/CSnJWQMouP@DBbG/sIjsKtt@nr@ddza/OLjUqvBAypjpMyZ/R`sKF_JCszlwPXm/CAjg]cwmLAx@zzt 1490
/upvOkRzbnCTZDOp/^hMQfaGBObeSfD_/ujMTJoVQ[FpbuUR/@lcbJisiplj_aKG/`arL\AzDB^@OnFY/TcVCAHPuegxOJwd/mhWSxhMylnodl@l/rjoR[uTiDAi_eFT 1855
/AMiXmNeRQBCGeXr/kP\HZbzOnPsf@ri/Emmk\_E@uasnv]s/siZhOQs]UM`uXm^/VahZhyiNsf`cpfH/XoN\\DXqoybTfXX/BdKfwRwS[WIPCCL/yfrnRiXHYMQzGJi/D_x`FdV]_Icmo_N/`@tokaBe]OMB@Pi 787
/Rk\bVsQg[MRo_e^/CN[dxCPbwtWqVjQ/h]Jj\X^[ERlDPwT/FfWHnAVIZMfOjio/Nyj@PYeOcofiINv/SvkcZpSbDAEvsMK/X^MJUZZsOILQTth/QzK\qFTLofP\Uqa 1174
/v\]iljkI`BvMjRk/oR]jPq`HijHPyjw/Y`uabKeR@qo[LSn/@xFsVvqtGNQkuRL/\MoEx_um]fWZutg 2262
/sDuRwiYu]`zMUlV/^^nBrxERExjwoTq/iUIxPgT_fDFVQC`/Itiu\sUKAvlajD`/rTYPM@O_BmPdpIO/euqM@qQMiCVUYHg/yBrDCIuPALM@uwr 7995
/\KRzOAXshzV]FG_/fNqPXfizeavmMC\/XWWShiMZRAY[HE]/JntA^DKSeunIegi/@kBpdP`quW\oBdr/ylDq_PGC^iAlsVB/iqRjAYpCnwtwupl 9629
/tS^@UkDyNzmWo]e/jAXboEfCFncIoWY/`m]hGbD^EK[Ktlw/@EyZwpN_]Ylc`U`/sUgGnjvhdbnZSmw/BERsrzqeIwiBdAC/ZXlY\ZR_rP`ptmT/YGgndOw^iRivcGd/Vh`vJYKzbDOBUlv/d`SLDK`EuzA[hPs 3641
/F\pzXs_wpq^BJfR/ElHcyRDpnAIdlLv/EodYUCxLceQaYiX/kfYfALu_BOX^sGg/`om\QKxNigKqMLJ/INXmh^PCjLuO]Zz/eJdq`yU\CC^Y_^\/YScqW^ZAWyzOhUL/wkNvaL_[snIOeBT 2034
LIST
cpath eh NULL? 0
CG@eq[qDPojL@OH
DELETE
Buff init->AMiXmNeRQBCGeXr/kP\HZbzOnPsf@ri
BUff->AMiXmNeRQBCGeXr/kP\HZbzOnPsf@ri
start-0,end-0

Start Pre Clean->15
Start Pos Clean->16
BUff->AMiXmNeRQBCGeXr/kP\HZbzOnPsf@ri
start-16,end-15

Start Pre Clean->31
Start Pos Clean->31
ROOT NAME->Emmk\_E@uasnv]s
ROOT NAME->Emmk\_E@uasnv]s
LIST
AMiXmNeRQBCGeXr
CLYOgcATbefZNpm
F\pzXs_wpq^BJfR
GaIUwkkycqszB\V
LrwSRphvpiXhrHa
Rk\bVsQg[MRo_e^
VIr_aVTxJEjiJGX
\KRzOAXshzV]FG_
^cEneHSl`CPSaaq
`JPjmC_IeaGRuvG
aQxvSviBzdBGu[x
f@SkPO[ClpTCqTi
sDuRwiYu]`zMUlV
tS^@UkDyNzmWo]e
tgF\kHScOl@Eg^[
uVEtKsZbKZMaBiy
upvOkRzbnCTZDOp
v\]iljkI`BvMjRk
yyt^IVLWFvuqgL`
DELETE
PRINT
/GaIUwkkycqszB\V/XPUd^KoBnhVzPxw/]ZmYR@biaSzKKFN/muCCGoSw[@GYaiS/AjcDytQYCJ]IfWG/zsZ]fdeYaRxuOhl/@iF`F^iBdBTCBki 1099
/LrwSRphvpiXhrHa 2909
/uVEtKsZbKZMaBiy/\MRoznlWhfKFo[O/CG@eq[qDPojL@OH/uV^fqYOgRnHYQiW/lvANf[[CocYuvlC/JRsrtpKbxszkk__/BK@NQ\RNbzYEsB` 8552
/aQxvSviBzdBGu[x/_HcmmSyaZcvxrLZ/^nUbd^QtCezMAQw/j`JSD_qWXRplyMJ/T[DikAQAsHDgc`u/Iu@akRIdmnjY^ML/F]O@q@EISlAW@Ix 4621
/CLYOgcATbefZNpm/[RBS]n@]lhaPNHu/LWuS`tuT]\o]^nF/UACMteSPKXHRBiO/BUMsqKdUHWFEmTU/H\\[EXHl@rpzCso 3927
/f@SkPO[ClpTCqTi/ARxxYY^Ik]PTwjj/cov^fSNXk@LtI^U/kF@JGFcbfHHcbCZ/HZoWAvRYYF^IBtH/VgNCqPwaenaRD@V/NK[werfODBiWcPD/flfbpxrlLRtwyHp/IX@VDt[FFsjgDd_/vyJjwoCfPnLIAN] 2994
/`JPjmC_IeaGRuvG/eRk\dKuHJJTMc]T/[yDcAv[qkcOFcaU/M^_rSGozbECFu_n/EcePOojhunYSFzr/AAdUbhDGiNNrYZe/ocBYPDZgRkXaRDS 724
/^cEneHSl`CPSaaq/@Kn@mM^AUX^@uIE/jdTBIOURO^ax`IF/ZaWRPOuuhB]aTLT/VPxoVMrd@_etgPJ/CSnJWQMouP@DBbG/sIjsKtt@nr@ddza/OLjUqvBAypjpMyZ/R`sKF_JCszlwPXm/CAjg]cwmLAx@zzt 1490
/upvOkRzbnCTZDOp/^hMQfaGBObeSfD_/ujMTJoVQ[FpbuUR/@lcbJisiplj_aKG/`arL\AzDB^@OnFY/TcVCAHPuegxOJwd/mhWSxhMylnodl@l/rjoR[uTiDAi_eFT 1855
/Rk\bVsQg[MRo_e^/CN[dxCPbwtWqVjQ/h]Jj\X^[ERlDPwT/FfWHnAVIZMfOjio/Nyj@PYeOcofiINv/SvkcZpSbDAEvsMK/X^MJUZZsOILQTth/QzK\qFTLofP\Uqa 1174
/v\]iljkI`BvMjRk/oR]jPq`HijHPyjw/Y`uabKeR@qo[LSn/@xFsVvqtGNQkuRL/\MoEx_um]fWZutg 2262
/sDuRwiYu]`zMUlV/^^nBrxERExjwoTq/iUIxPgT_fDFVQC`/Itiu\sUKAvlajD`/rTYPM@O_BmPdpIO/euqM@qQMiCVUYHg/yBrDCIuPALM@uwr 7995
/\KRzOAXshzV]FG_/fNqPXfizeavmMC\/XWWShiMZRAY[HE]/JntA^DKSeunIegi/@kBpdP`quW\oBdr/ylDq_PGC^iAlsVB/iqRjAYpCnwtwupl 9629
/tS^@UkDyNzmWo]e/jAXboEfCFncIoWY/`m]hGbD^EK[Ktlw/@EyZwpN_]Ylc`U`/sUgGnjvhdbnZSmw/BERsrzqeIwiBdAC/ZXlY\ZR_rP`ptmT/YGgndOw^iRivcGd/Vh`vJYKzbDOBUlv/d`SLDK`EuzA[hPs 3641
/F\pzXs_wpq^BJfR/ElHcyRDpnAIdlLv/EodYUCxLceQaYiX/kfYfALu_BOX^sGg/`om\QKxNigKqMLJ/INXmh^PCjLuO]Zz/eJdq`yU\CC^Y_^\/YScqW^ZAWyzOhUL/wkNvaL_[snIOeBT 2034
LIST
cpath eh NULL? 0
euqM@qQMiCVUYHg
SET
DELETE
SET
SET
LIST
cpath eh NULL? 0
ElHcyRDpnAIdlLv
PRINT
/GaIUwkkycqszB\V/XPUd^KoBnhVzPxw/]ZmYR@biaSzKKFN/muCCGoSw[@GYaiS/AjcDytQYCJ]IfWG/zsZ]fdeYaRxuOhl/@iF`F^iBdBTCBki 1099
/LrwSRphvpiXhrHa 2909
/uVEtKsZbKZMaBiy/\MRoznlWhfKFo[O/CG@eq[qDPojL@OH/uV^fqYOgRnHYQiW/lvANf[[CocYuvlC/JRsrtpKbxszkk__/BK@NQ\RNbzYEsB` 8552
/aQxvSviBzdBGu[x/_HcmmSyaZcvxrLZ/^nUbd^QtCezMAQw/j`JSD_qWXRplyMJ/T[DikAQAsHDgc`u/Iu@akRIdmnjY^ML/F]O@q@EISlAW@Ix 4621
/CLYOgcATbefZNpm/[RBS]n@]lhaPNHu/LWuS`tuT]\o]^nF/UACMteSPKXHRBiO/BUMsqKdUHWFEmTU/H\\[EXHl@rpzCso 3927
/f@SkPO[ClpTCqTi/ARxxYY^Ik]PTwjj/cov^fSNXk@LtI^U/kF@JGFcbfHHcbCZ/HZoWAvRYYF^IBtH/VgNCqPwaenaRD@V/NK[werfODBiWcPD/flfbpxrlLRtwyHp/IX@VDt[FFsjgDd_/vyJjwoCfPnLIAN] 2994
/`JPjmC_IeaGRuvG/eRk\dKuHJJTMc]T/[yDcAv[qkcOFcaU/M^_rSGozbECFu_n/EcePOojhunYSFzr/AAdUbhDGiNNrYZe/ocBYPDZgRkXaRDS 724
/^cEneHSl`CPSaaq/@Kn@mM^AUX^@uIE/jdTBIOURO^ax`IF/ZaWRPOuuhB]aTLT/VPxoVMrd@_etgPJ/CSnJWQMouP@DBbG/sIjsKtt@nr@ddza/OLjUqvBAypjpMyZ/R`sKF_JCszlwPXm/CAjg]cwmLAx@zzt 1490
/upvOkRzbnCTZDOp/^hMQfaGBObeSfD_/ujMTJoVQ[FpbuUR/@lcbJisiplj_aKG/`arL\AzDB^@OnFY/TcVCAHPuegxOJwd/mhWSxhMylnodl@l/rjoR[uTiDAi_eFT 1855
/Rk\bVsQg[MRo_e^/CN[dxCPbwtWqVjQ/h]Jj\X^[ERlDPwT/FfWHnAVIZMfOjio/Nyj@PYeOcofiINv/SvkcZpSbDAEvsMK/X^MJUZZsOILQTth/QzK\qFTLofP\Uqa 1174
/v\]iljkI`BvMjRk/oR]jPq`HijHPyjw/Y`uabKeR@qo[LSn/@xFsVvqtGNQkuRL/\MoEx_um]fWZutg 2262
/sDuRwiYu]`zMUlV/^^nBrxERExjwoTq/iUIxPgT_fDFVQC`/Itiu\sUKAvlajD`/rTYPM@O_BmPdpIO/euqM@qQMiCVUYHg/yBrDCIuPALM@uwr 7995
/\KRzOAXshzV]FG_/fNqPXfizeavmMC\/XWWShiMZRAY[HE]/JntA^DKSeunIegi/@kBpdP`quW\oBdr/ylDq_PGC^iAlsVB/iqRjAYpCnwtwupl 9629
/tS^@UkDyNzmWo]e/jAXboEfCFncIoWY/`m]hGbD^EK[Ktlw/@EyZwpN_]Ylc`U`/sUgGnjvhdbnZSmw/BERsrzqeIwiBdAC/ZXlY\ZR_rP`ptmT/YGgndOw^iRivcGd/Vh`vJYKzbDOBUlv/d`SLDK`EuzA[hPs 3641
/F\pzXs_wpq^BJfR/ElHcyRDpnAIdlLv/EodYUCxLceQaYiX/kfYfALu_BOX^sGg/`om\QKxNigKqMLJ/INXmh^PCjLuO]Zz/eJdq`yU\CC^Y_^\/YScqW^ZAWyzOhUL/wkNvaL_[snIOeBT 2034
/\m@IAYxxqdomNT^/uMk^AEbXNOnfp@M/xipSwIJ@]duA_zE/iPXynvPV@AgNrck/i@ZEdqG_KrKQOX]/ByboXqj]kYgsvKH/ptyxHuiMNQt[rFz 3220
/]MHmAteec\_QQgL/svNr`HN`UbXKZ_M 3620
/Zb`YtjmGZZbOYVG/b__f`czrx`rGZxm/c``ao_zLINoNKc]/LtBu\]WMkYJ_dST 1866
DELETE
Buff init->tS^@UkDyNzmWo]e/jAXboEfCFncIoWY/`m]hGbD^EK[Ktlw/@EyZwpN_]Ylc`U`/sUgGnjvhdbnZSmw/BERsrzqeIwiBdAC/ZXlY\ZR_rP`ptmT/YGgndOw^iRivcGd/Vh`vJYKzbDOBUlv
BUff->tS^@UkDyNzmWo]e/jAXboEfCFncIoWY/`m]hGbD^EK[Ktlw/@EyZwpN_]Ylc`U`/sUgGnjvhdbnZSmw/BERsrzqeIwiBdAC/ZXlY\ZR_rP`ptmT/YGgndOw^iRivcGd/Vh`vJYKzbDOBUlv
start-0,end-0

Start Pre Clean->15
Start Pos Clean->16
BUff->tS^@UkDyNzmWo]e/jAXboEfCFncIoWY/`m]hGbD^EK[Ktlw/@EyZwpN_]Ylc`U`/sUgGnjvhdbnZSmw/BERsrzqeIwiBdAC/ZXlY\ZR_rP`ptmT/YGgndOw^iRivcGd/Vh`vJYKzbDOBUlv
start-16,end-15

Start Pre Clean->31
Start Pos Clean->32
BUff->tS^@UkDyNzmWo]e/jAXboEfCFncIoWY/`m]hGbD^EK[Ktlw/@EyZwpN_]Ylc`U`/sUgGnjvhdbnZSmw/BERsrzqeIwiBdAC/ZXlY\ZR_rP`ptmT/YGgndOw^iRivcGd/Vh`vJYKzbDOBUlv
start-32,end-31

Start Pre Clean->47
Start Pos Clean->48
BUff->tS^@UkDyNzmWo]e/jAXboEfCFncIoWY/`m]hGbD^EK[Ktlw/@EyZwpN_]Ylc`U`/sUgGnjvhdbnZSmw/BERsrzqeIwiBdAC/ZXlY\ZR_rP`ptmT/YGgndOw^iRivcGd/Vh`vJYKzbDOBUlv
start-48,end-47

Start Pre Clean->63
Start Pos Clean->64
BUff->tS^@UkDyNzmWo]e/jAXboEfCFncIoWY/`m]hGbD^EK[Ktlw/@EyZwpN_]Ylc`U`/sUgGnjvhdbnZSmw/BERsrzqeIwiBdAC/ZXlY\ZR_rP`ptmT/YGgndOw^iRivcGd/Vh`vJYKzbDOBUlv
start-64,end-63

Start Pre Clean->79
Start Pos Clean->80
BUff->tS^@UkDyNzmWo]e/jAXboEfCFncIoWY/`m]hGbD^EK[Ktlw/@EyZwpN_]Ylc`U`/sUgGnjvhdbnZSmw/BERsrzqeIwiBdAC/ZXlY\ZR_rP`ptmT/YGgndOw^iRivcGd/Vh`vJYKzbDOBUlv
start-80,end-79

Start Pre Clean->95
Start Pos Clean->96
BUff->tS^@UkDyNzmWo]e/jAXboEfCFncIoWY/`m]hGbD^EK[Ktlw/@EyZwpN_]Ylc`U`/sUgGnjvhdbnZSmw/BERsrzqeIwiBdAC/ZXlY\ZR_rP`ptmT/YGgndOw^iRivcGd/Vh`vJYKzbDOBUlv
start-96,end-95

Start Pre Clean->111
Start Pos Clean->112
BUff->tS^@UkDyNzmWo]e/jAXboEfCFncIoWY/`m]hGbD^EK[Ktlw/@EyZwpN_]Ylc`U`/sUgGnjvhdbnZSmw/BERsrzqeIwiBdAC/ZXlY\ZR_rP`ptmT/YGgndOw^iRivcGd/Vh`vJYKzbDOBUlv
start-112,end-111

Start Pre Clean->127
Start Pos Clean->128
BUff->tS^@UkDyNzmWo]e/jAXboEfCFncIoWY/`m]hGbD^EK[Ktlw/@EyZwpN_]Ylc`U`/sUgGnjvhdbnZSmw/BERsrzqeIwiBdAC/ZXlY\ZR_rP`ptmT/YGgndOw^iRivcGd/Vh`vJYKzbDOBUlv
start-128,end-127

Start Pre Clean->143
Start Pos Clean->143
ROOT NAME->d`SLDK`EuzA[hPs
ROOT NAME->d`SLDK`EuzA[hPs
SET
SET
DELETE
Buff init->uVEtKsZbKZMaBiy/\MRoznlWhfKFo[O/CG@eq[qDPojL@OH/uV^fqYOgRnHYQiW
BUff->uVEtKsZbKZMaBiy/\MRoznlWhfKFo[O/CG@eq[qDPojL@OH/uV^fqYOgRnHYQiW
start-0,end-0

Start Pre Clean->15
Start Pos Clean->16
BUff->uVEtKsZbKZMaBiy/\MRoznlWhfKFo[O/CG@eq[qDPojL@OH/uV^fqYOgRnHYQiW
start-16,end-15

Start Pre Clean->31
Start Pos Clean->32
BUff->uVEtKsZbKZMaBiy/\MRoznlWhfKFo[O/CG@eq[qDPojL@OH/uV^fqYOgRnHYQiW
start-32,end-31

Start Pre Clean->47
Start Pos Clean->48
BUff->uVEtKsZbKZMaBiy/\MRoznlWhfKFo[O/CG@eq[qDPojL@OH/uV^fqYOgRnHYQiW
start-48,end-47

Start Pre Clean->63
Start Pos Clean->63
ROOT NAME->lvANf[[CocYuvlC
ROOT NAME->lvANf[[CocYuvlC
PRINT
/GaIUwkkycqszB\V/XPUd^KoBnhVzPxw/]ZmYR@biaSzKKFN/muCCGoSw[@GYaiS/AjcDytQYCJ]IfWG/zsZ]fdeYaRxuOhl/@iF`F^iBdBTCBki 1099
/LrwSRphvpiXhrHa 2909
/aQxvSviBzdBGu[x/_HcmmSyaZcvxrLZ/^nUbd^QtCezMAQw/j`JSD_qWXRplyMJ/T[DikAQAsHDgc`u/Iu@akRIdmnjY^ML/F]O@q@EISlAW@Ix 4621
/CLYOgcATbefZNpm/[RBS]n@]lhaPNHu/LWuS`tuT]\o]^nF/UACMteSPKXHRBiO/BUMsqKdUHWFEmTU/H\\[EXHl@rpzCso 3927
/f@SkPO[ClpTCqTi/ARxxYY^Ik]PTwjj/cov^fSNXk@LtI^U/kF@JGFcbfHHcbCZ/HZoWAvRYYF^IBtH/VgNCqPwaenaRD@V/NK[werfODBiWcPD/flfbpxrlLRtwyHp/IX@VDt[FFsjgDd_/vyJjwoCfPnLIAN] 2994
/`JPjmC_IeaGRuvG/eRk\dKuHJJTMc]T/[yDcAv[qkcOFcaU/M^_rSGozbECFu_n/EcePOojhunYSFzr/AAdUbhDGiNNrYZe/ocBYPDZgRkXaRDS 724
/^cEneHSl`CPSaaq/@Kn@mM^AUX^@uIE/jdTBIOURO^ax`IF/ZaWRPOuuhB]aTLT/VPxoVMrd@_etgPJ/CSnJWQMouP@DBbG/sIjsKtt@nr@ddza/OLjUqvBAypjpMyZ/R`sKF_JCszlwPXm/CAjg]cwmLAx@zzt 1490
/upvOkRzbnCTZDOp/^hMQfaGBObeSfD_/ujMTJoVQ[FpbuUR/@lcbJisiplj_aKG/`arL\AzDB^@OnFY/TcVCAHPuegxOJwd/mhWSxhMylnodl@l/rjoR[uTiDAi_eFT 1855
/Rk\bVsQg[MRo_e^/CN[dxCPbwtWqVjQ/h]Jj\X^[ERlDPwT/FfWHnAVIZMfOjio/Nyj@PYeOcofiINv/SvkcZpSbDAEvsMK/X^MJUZZsOILQTth/QzK\qFTLofP\Uqa 1174
/v\]iljkI`BvMjRk/oR]jPq`HijHPyjw/Y`uabKeR@qo[LSn/@xFsVvqtGNQkuRL/\MoEx_um]fWZutg 2262
/sDuRwiYu]`zMUlV/^^nBrxERExjwoTq/iUIxPgT_fDFVQC`/Itiu\sUKAvlajD`/rTYPM@O_BmPdpIO/euqM@qQMiCVUYHg/yBrDCIuPALM@uwr 7995
/\KRzOAXshzV]FG_/fNqPXfizeavmMC\/XWWShiMZRAY[HE]/JntA^DKSeunIegi/@kBpdP`quW\oBdr/ylDq_PGC^iAlsVB/iqRjAYpCnwtwupl 9629
/F\pzXs_wpq^BJfR/ElHcyRDpnAIdlLv/EodYUCxLceQaYiX/kfYfALu_BOX^sGg/`om\QKxNigKqMLJ/INXmh^PCjLuO]Zz/eJdq`yU\CC^Y_^\/YScqW^ZAWyzOhUL/wkNvaL_[snIOeBT 2034
/\m@IAYxxqdomNT^/uMk^AEbXNOnfp@M/xipSwIJ@]duA_zE/iPXynvPV@AgNrck/i@ZEdqG_KrKQOX]/ByboXqj]kYgsvKH/ptyxHuiMNQt[rFz 3220
/]MHmAteec\_QQgL/svNr`HN`UbXKZ_M 3620
/Zb`YtjmGZZbOYVG/b__f`czrx`rGZxm/c``ao_zLINoNKc]/LtBu\]WMkYJ_dST 1866
/IfRAddzGE\rB`cj/IAwKVX]gleHpY`S 3277
/^xm`XtWf@leDdcP/VFmQKfYYgOClzST/]grQauwhoRYpUk\/NGQoCOMhtLpDeEo/nj[bLBv@_deMray 8753
SET
FIND
no data
SET
SET
SET
SET
LIST
not found
cpath eh NULL? 1
